<?xml version='1.0' encoding='UTF-8'?>
<testsuite hostname="SAT-ISB-Hassan" name="example.HelloSpec" tests="1" errors="0" failures="0" time="0.03">
                     <properties>
[...]
</properties>
                     <testcase classname="example.HelloSpec" name="The Hello object should say hello" time="0.03">
                                                 
                                               </testcase>
                     <system-out></system-out>
                     <system-err></system-err>
                   </testsuite>